<?xml version="1.0" encoding="UTF-8"?>
<testng-results ignored="0" total="2" passed="1" failed="1" skipped="0">
  <reporter-output>
  </reporter-output>
  <suite started-at="2023-09-07T16:20:12 IST" name="Suite" finished-at="2023-09-07T16:20:40 IST" duration-ms="28201">
    <groups>
      <group name="smoke">
        <method signature="OrangeHRMTest.loginLogouttest(java.lang.String,java.lang.String)[pri:0, instance:com.demo.test.OrangeHRMTest@31d7b7bf]" name="loginLogouttest" class="com.demo.test.OrangeHRMTest"/>
      </group> <!-- smoke -->
      <group name="sanity">
        <method signature="OrangeHRMTest.loginLogouttest(java.lang.String,java.lang.String)[pri:0, instance:com.demo.test.OrangeHRMTest@31d7b7bf]" name="loginLogouttest" class="com.demo.test.OrangeHRMTest"/>
        <method signature="OrangeHRMTest.newTest()[pri:0, instance:com.demo.test.OrangeHRMTest@31d7b7bf]" name="newTest" class="com.demo.test.OrangeHRMTest"/>
      </group> <!-- sanity -->
    </groups>
    <test started-at="2023-09-07T16:20:12 IST" name="Test" finished-at="2023-09-07T16:20:40 IST" duration-ms="28201">
      <class name="com.demo.test.OrangeHRMTest">
        <test-method is-config="true" signature="setUp()[pri:0, instance:com.demo.test.OrangeHRMTest@31d7b7bf]" started-at="2023-09-07T16:20:13 IST" name="setUp" finished-at="2023-09-07T16:20:27 IST" duration-ms="13458" status="PASS">
          <reporter-output>
          </reporter-output>
        </test-method> <!-- setUp -->
        <test-method is-config="true" signature="setUp()[pri:0, instance:com.demo.test.OrangeHRMTest@31d7b7bf]" started-at="2023-09-07T16:20:13 IST" name="setUp" finished-at="2023-09-07T16:20:26 IST" duration-ms="13096" status="PASS">
          <reporter-output>
          </reporter-output>
        </test-method> <!-- setUp -->
        <test-method signature="loginLogouttest(java.lang.String,java.lang.String)[pri:0, instance:com.demo.test.OrangeHRMTest@31d7b7bf]" started-at="2023-09-07T16:20:26 IST" name="loginLogouttest" description="Validate the Login and Logout functionality" data-provider="getData" finished-at="2023-09-07T16:20:39 IST" duration-ms="12780" status="FAIL">
          <params>
            <param index="0">
              <value>
                <![CDATA[admin]]>
              </value>
            </param>
            <param index="1">
              <value>
                <![CDATA[test]]>
              </value>
            </param>
          </params>
          <exception class="org.openqa.selenium.TimeoutException">
            <message>
              <![CDATA[Expected condition failed: waiting for element to be clickable: By.cssSelector: .oxd-userdropdown-icon (tried for 10 second(s) with 500 milliseconds interval)
Build info: version: '4.11.0', revision: '040bc5406b'
System info: os.name: 'Windows 10', os.arch: 'amd64', os.version: '10.0', java.version: '17.0.7'
Driver info: org.openqa.selenium.chrome.ChromeDriver
Capabilities {acceptInsecureCerts: false, browserName: chrome, browserVersion: 116.0.5845.141, chrome: {chromedriverVersion: 116.0.5845.96 (1a3918166880..., userDataDir: C:\Users\DILEEP~1.KUM\AppDa...}, fedcm:accounts: true, goog:chromeOptions: {debuggerAddress: localhost:59428}, networkConnectionEnabled: false, pageLoadStrategy: normal, platformName: windows, proxy: Proxy(), se:cdp: ws://localhost:59428/devtoo..., se:cdpVersion: 116.0.5845.141, setWindowRect: true, strictFileInteractability: false, timeouts: {implicit: 0, pageLoad: 300000, script: 30000}, unhandledPromptBehavior: dismiss and notify, webauthn:extension:credBlob: true, webauthn:extension:largeBlob: true, webauthn:extension:minPinLength: true, webauthn:extension:prf: true, webauthn:virtualAuthenticators: true}
Session ID: 24eedb911fe1e2fe417edfcbad0a0606]]>
            </message>
            <full-stacktrace>
              <![CDATA[org.openqa.selenium.TimeoutException: Expected condition failed: waiting for element to be clickable: By.cssSelector: .oxd-userdropdown-icon (tried for 10 second(s) with 500 milliseconds interval)
Build info: version: '4.11.0', revision: '040bc5406b'
System info: os.name: 'Windows 10', os.arch: 'amd64', os.version: '10.0', java.version: '17.0.7'
Driver info: org.openqa.selenium.chrome.ChromeDriver
Capabilities {acceptInsecureCerts: false, browserName: chrome, browserVersion: 116.0.5845.141, chrome: {chromedriverVersion: 116.0.5845.96 (1a3918166880..., userDataDir: C:\Users\DILEEP~1.KUM\AppDa...}, fedcm:accounts: true, goog:chromeOptions: {debuggerAddress: localhost:59428}, networkConnectionEnabled: false, pageLoadStrategy: normal, platformName: windows, proxy: Proxy(), se:cdp: ws://localhost:59428/devtoo..., se:cdpVersion: 116.0.5845.141, setWindowRect: true, strictFileInteractability: false, timeouts: {implicit: 0, pageLoad: 300000, script: 30000}, unhandledPromptBehavior: dismiss and notify, webauthn:extension:credBlob: true, webauthn:extension:largeBlob: true, webauthn:extension:minPinLength: true, webauthn:extension:prf: true, webauthn:virtualAuthenticators: true}
Session ID: 24eedb911fe1e2fe417edfcbad0a0606
at org.openqa.selenium.support.ui.WebDriverWait.timeoutException(WebDriverWait.java:84)
at org.openqa.selenium.support.ui.FluentWait.until(FluentWait.java:230)
at com.demo.factories.ExplictWaitStrategy.performWait(ExplictWaitStrategy.java:20)
at com.demo.pages.BasePage.click(BasePage.java:16)
at com.demo.pages.OrangeHRMHomePage.clickMenu(OrangeHRMHomePage.java:13)
at com.demo.test.OrangeHRMTest.loginLogouttest(OrangeHRMTest.java:18)
at java.base/jdk.internal.reflect.NativeMethodAccessorImpl.invoke0(Native Method)
at java.base/jdk.internal.reflect.NativeMethodAccessorImpl.invoke(NativeMethodAccessorImpl.java:77)
at java.base/jdk.internal.reflect.DelegatingMethodAccessorImpl.invoke(DelegatingMethodAccessorImpl.java:43)
at java.base/java.lang.reflect.Method.invoke(Method.java:568)
at org.testng.internal.invokers.MethodInvocationHelper.invokeMethod(MethodInvocationHelper.java:139)
at org.testng.internal.invokers.TestInvoker.invokeMethod(TestInvoker.java:664)
at org.testng.internal.invokers.TestInvoker.invokeTestMethod(TestInvoker.java:227)
at org.testng.internal.invokers.TestMethodWithDataProviderMethodWorker.call(TestMethodWithDataProviderMethodWorker.java:80)
at org.testng.internal.invokers.TestMethodWithDataProviderMethodWorker.call(TestMethodWithDataProviderMethodWorker.java:17)
at java.base/java.util.concurrent.FutureTask.run(FutureTask.java:264)
at java.base/java.util.concurrent.Executors$RunnableAdapter.call(Executors.java:539)
at java.base/java.util.concurrent.FutureTask.run(FutureTask.java:264)
at java.base/java.util.concurrent.ThreadPoolExecutor.runWorker(ThreadPoolExecutor.java:1136)
at java.base/java.util.concurrent.ThreadPoolExecutor$Worker.run(ThreadPoolExecutor.java:635)
at java.base/java.lang.Thread.run(Thread.java:833)
]]>
            </full-stacktrace>
          </exception> <!-- org.openqa.selenium.TimeoutException -->
          <reporter-output>
          </reporter-output>
        </test-method> <!-- loginLogouttest -->
        <test-method signature="newTest()[pri:0, instance:com.demo.test.OrangeHRMTest@31d7b7bf]" started-at="2023-09-07T16:20:27 IST" name="newTest" description="This is dummy test" finished-at="2023-09-07T16:20:38 IST" duration-ms="10955" status="PASS">
          <reporter-output>
          </reporter-output>
        </test-method> <!-- newTest -->
        <test-method is-config="true" signature="tearDown()[pri:0, instance:com.demo.test.OrangeHRMTest@31d7b7bf]" started-at="2023-09-07T16:20:38 IST" name="tearDown" finished-at="2023-09-07T16:20:39 IST" duration-ms="1274" status="PASS">
          <reporter-output>
          </reporter-output>
        </test-method> <!-- tearDown -->
        <test-method is-config="true" signature="tearDown()[pri:0, instance:com.demo.test.OrangeHRMTest@31d7b7bf]" started-at="2023-09-07T16:20:39 IST" name="tearDown" finished-at="2023-09-07T16:20:40 IST" duration-ms="1225" status="PASS">
          <reporter-output>
          </reporter-output>
        </test-method> <!-- tearDown -->
      </class> <!-- com.demo.test.OrangeHRMTest -->
    </test> <!-- Test -->
  </suite> <!-- Suite -->
</testng-results>
